<?xml version="1.0" encoding="UTF-8"?>
<!-- Generated by org.testng.reporters.JUnitXMLReporter -->
<testsuite ignored="0" hostname="DESKTOP-LI2TKJ0" failures="0" tests="5" name="Testovi" time="18.823" errors="0" timestamp="2026-02-01T15:16:49 CET">
  <testcase classname="com.filip.tests.SauceDemoTests" name="TC01_validLogin_shouldOpenInventory" time="1.348"/>
  <testcase classname="com.filip.tests.SauceDemoTests" name="TC02_invalidPassword_shouldShowError" time="1.322"/>
  <testcase classname="com.filip.tests.SauceDemoTests" name="TC03_lockedOutUser_shouldBeBlocked" time="1.265"/>
  <testcase classname="com.filip.tests.SauceDemoTests" name="TC04_addBackpackToCart_shouldShowBadge1" time="1.504"/>
  <testcase classname="com.filip.tests.SauceDemoTests" name="TC05_checkoutWithoutFirstName_shouldShowValidationError" time="5.812"/>
</testsuite> <!-- Testovi -->
