<?xml version="1.0" encoding="UTF-8"?>
<!-- Generated by org.testng.reporters.JUnitReportReporter -->
<testsuite hostname="DESKTOP-LI2TKJ0" failures="0" tests="5" name="com.filip.tests.SauceDemoTests" time="18.747" errors="0" timestamp="2026-02-01T15:16:49 CET" skipped="0">
  <testcase classname="com.filip.tests.SauceDemoTests" name="TC04_addBackpackToCart_shouldShowBadge1" time="2.726"/>
  <testcase classname="com.filip.tests.SauceDemoTests" name="TC03_lockedOutUser_shouldBeBlocked" time="2.476"/>
  <testcase classname="com.filip.tests.SauceDemoTests" name="TC02_invalidPassword_shouldShowError" time="2.499"/>
  <testcase classname="com.filip.tests.SauceDemoTests" name="TC01_validLogin_shouldOpenInventory" time="4.016"/>
  <testcase classname="com.filip.tests.SauceDemoTests" name="TC05_checkoutWithoutFirstName_shouldShowValidationError" time="7.030"/>
</testsuite> <!-- com.filip.tests.SauceDemoTests -->
